<?xml version="1.0" encoding="UTF-8"?>
<testsuite name="edu.bsu.cs222.SillyMethodsTest" tests="4" skipped="0" failures="0" errors="0" timestamp="2023-09-05T04:53:34" hostname="FINSCOMPUTER" time="0.039">
  <properties/>
  <testcase name="testDidGuess42Correctly()" classname="edu.bsu.cs222.SillyMethodsTest" time="0.023"/>
  <testcase name="testDidGuess42Incorrectly()" classname="edu.bsu.cs222.SillyMethodsTest" time="0.002"/>
  <testcase name="testCountTo10()" classname="edu.bsu.cs222.SillyMethodsTest" time="0.008"/>
  <testcase name="testCountTo15()" classname="edu.bsu.cs222.SillyMethodsTest" time="0.001"/>
  <system-out><![CDATA[]]></system-out>
  <system-err><![CDATA[]]></system-err>
</testsuite>
